Base path: /Applications/Unity/Hub/Editor/2018.4.14f1/Unity.app/Contents
Cmd: initializeCompiler
Cmd: compileComputeKernel
  api=14 insize=4855 outsize=7329 ok=1
Cmd: translateComputeKernel
  api=14 insize=5397 outsize=7573 ok=1
Cmd: compileComputeKernel
  api=14 insize=18299 outsize=9637 ok=1
Cmd: compileComputeKernel
  api=14 insize=18299 outsize=11797 ok=1
Cmd: translateComputeKernel
  api=14 insize=9397 outsize=16205 ok=1
Cmd: translateComputeKernel
  api=14 insize=11797 outsize=25505 ok=1
Cmd: translateComputeKernel
  api=14 insize=2077 outsize=3273 ok=1
Cmd: initializeCompiler
Cmd: initializeCompiler
Cmd: initializeCompiler
Cmd: initializeCompiler
Cmd: initializeCompiler
Cmd: initializeCompiler
Cmd: initializeCompiler
Cmd: initializeCompiler
Cmd: initializeCompiler
Cmd: initializeCompiler
Cmd: initializeCompiler
Cmd: initializeCompiler
Cmd: initializeCompiler
Cmd: initializeCompiler
Cmd: initializeCompiler
Cmd: initializeCompiler

Quitting shader compiler process
